<?xml version="1.0" encoding="UTF-8"?>
<!-- Generated by org.testng.reporters.JUnitReportReporter -->
<testsuite hostname="DESKTOP-B5ADGL1" failures="0" tests="2" name="project.OpenGoogle" time="6.755" errors="0" timestamp="2022-02-22T15:49:34 CST" skipped="0">
  <testcase classname="project.OpenGoogle" name="Login" time="0.004"/>
  <system-out/>
  <testcase classname="project.OpenGoogle" name="Open" time="6.751"/>
  <system-out/>
</testsuite> <!-- project.OpenGoogle -->
