<?xml version="1.0" encoding="UTF-8"?>
<!-- Generated by org.testng.reporters.JUnitReportReporter -->
<testsuite hostname="DESKTOP-B5ADGL1" failures="0" tests="4" name="project.HrDept" time="0.009" errors="0" timestamp="2022-02-23T15:43:11 CST" skipped="1">
  <testcase classname="project.HrDept" name="Test3" time="0.007"/>
  <system-out/>
  <testcase classname="project.HrDept" name="bTest4" time="0.001"/>
  <system-out/>
  <testcase classname="project.HrDept" name="bTest4" time="0.001"/>
  <system-out/>
  <testcase classname="project.HrDept" name="Test5">
    <skipped/>
  </testcase> <!-- Test5 -->
  <system-out/>
</testsuite> <!-- project.HrDept -->
