<?xml version="1.0" encoding="UTF-8"?>
<!-- Generated by org.testng.reporters.JUnitReportReporter -->
<testsuite hostname="DESKTOP-B5ADGL1" failures="0" tests="2" name="project.OpenGoogle" time="7.103" errors="0" timestamp="2022-02-23T15:43:11 CST" skipped="0">
  <testcase classname="project.OpenGoogle" name="Open" time="7.096"/>
  <system-out/>
  <testcase classname="project.OpenGoogle" name="Login" time="0.007"/>
  <system-out/>
</testsuite> <!-- project.OpenGoogle -->
