<?xml version="1.0" encoding="UTF-8"?>
<!-- Generated by org.testng.reporters.JUnitReportReporter -->
<testsuite hostname="DESKTOP-B5ADGL1" failures="0" tests="1" name="project.LoanDept" time="0.000" errors="0" timestamp="2022-02-23T15:43:11 CST" skipped="0">
  <testcase classname="project.LoanDept" name="Test2" time="0.000"/>
  <system-out/>
</testsuite> <!-- project.LoanDept -->
